act_set size = 1804
act_set size = 223
act_set size = 190
act_set size = 186
act_set size = 158
act_set size = 200
act_set size = 1032
act_set size = 98
act_set size = 121
act_set size = 146
fun value for all block = 29096.3
     1             51.1367             24559.9    76914231              0.3914             4798.52
act_set size = 280
act_set size = 238
act_set size = 198
act_set size = 183
act_set size = 141
act_set size = 220
act_set size = 209
act_set size = 86
act_set size = 104
act_set size = 143
fun value for all block = 28256.7
     2             98.8038             24036.3    76914231               0.402             4604.89
act_set size = 227
act_set size = 173
act_set size = 149
act_set size = 127
act_set size = 127
act_set size = 159
act_set size = 133
act_set size = 93
act_set size = 90
act_set size = 113
fun value for all block = 28060.4
     3             146.845             23845.8    76914231               0.409             4615.16
act_set size = 174
act_set size = 142
act_set size = 138
act_set size = 128
act_set size = 121
act_set size = 144
act_set size = 142
act_set size = 87
act_set size = 90
act_set size = 108
fun value for all block = 27980.4
     4             194.964             23752.6    76914231              0.4074             4654.92
act_set size = 146
act_set size = 132
act_set size = 128
act_set size = 125
act_set size = 119
act_set size = 134
act_set size = 145
act_set size = 84
act_set size = 89
act_set size = 113
fun value for all block = 27939.3
     5             242.617             23707.4    76914231              0.4102             4677.21
act_set size = 139
act_set size = 129
act_set size = 124
act_set size = 120
act_set size = 121
act_set size = 129
act_set size = 114
act_set size = 80
act_set size = 89
act_set size = 108
fun value for all block = 27918.4
     6             290.826             23669.1    76914231              0.4102             4712.58
act_set size = 137
act_set size = 126
act_set size = 122
act_set size = 118
act_set size = 116
act_set size = 129
act_set size = 113
act_set size = 80
act_set size = 86
act_set size = 114
fun value for all block = 27900.6
     7              338.57             23633.4    76914231              0.4098             4731.78
act_set size = 136
act_set size = 121
act_set size = 117
act_set size = 112
act_set size = 114
act_set size = 125
act_set size = 112
act_set size = 78
act_set size = 90
act_set size = 112
fun value for all block = 27889.4
     8             387.462             23607.4    76914231              0.4116             4753.92
act_set size = 134
act_set size = 119
act_set size = 117
act_set size = 115
act_set size = 118
act_set size = 127
act_set size = 110
act_set size = 81
act_set size = 92
act_set size = 114
fun value for all block = 27879.2
     9             436.709               23592    76914231               0.411             4771.06
act_set size = 127
act_set size = 115
act_set size = 113
act_set size = 115
act_set size = 112
act_set size = 127
act_set size = 111
act_set size = 81
act_set size = 90
act_set size = 115
fun value for all block = 27871.9
    10             485.151             23583.2    76914231              0.4114             4774.56
act_set size = 125
act_set size = 115
act_set size = 110
act_set size = 113
act_set size = 108
act_set size = 126
act_set size = 111
act_set size = 76
act_set size = 84
act_set size = 106
fun value for all block = 27868.7
    11             533.481             23572.9    76914231              0.4122             4784.29
act_set size = 123
act_set size = 114
act_set size = 111
act_set size = 112
act_set size = 104
act_set size = 123
act_set size = 113
act_set size = 76
act_set size = 85
act_set size = 104
fun value for all block = 27865.8
    12             582.139             23559.2    76914231              0.4114             4798.64
act_set size = 125
act_set size = 111
act_set size = 109
act_set size = 112
act_set size = 107
act_set size = 123
act_set size = 113
act_set size = 79
act_set size = 85
act_set size = 105
fun value for all block = 27863.3
    13              630.05             23555.8    76914231              0.4122              4799.8
act_set size = 124
act_set size = 110
act_set size = 110
act_set size = 113
act_set size = 103
act_set size = 123
act_set size = 113
act_set size = 79
act_set size = 86
act_set size = 103
fun value for all block = 27861.2
    14             678.121             23553.5    76914231              0.4118             4802.49
act_set size = 120
act_set size = 110
act_set size = 109
act_set size = 112
act_set size = 103
act_set size = 124
act_set size = 113
act_set size = 81
act_set size = 82
act_set size = 103
fun value for all block = 27859
    15             726.579             23548.2    76914231              0.4132             4807.41
act_set size = 123
act_set size = 110
act_set size = 109
act_set size = 111
act_set size = 106
act_set size = 122
act_set size = 115
act_set size = 81
act_set size = 86
act_set size = 104
fun value for all block = 27857
    16             773.945             23546.3    76914231              0.4134             4811.96
act_set size = 123
act_set size = 110
act_set size = 109
act_set size = 109
act_set size = 103
act_set size = 122
act_set size = 112
act_set size = 77
act_set size = 88
act_set size = 104
fun value for all block = 27855.6
    17             821.913             23543.7    76914231              0.4138             4814.73
act_set size = 120
act_set size = 110
act_set size = 109
act_set size = 109
act_set size = 103
act_set size = 121
act_set size = 111
act_set size = 76
act_set size = 84
act_set size = 102
fun value for all block = 27854
    18             869.761             23541.9    76914231              0.4136             4817.16
act_set size = 119
act_set size = 109
