act_set size = 2659
act_set size = 1825
act_set size = 284
act_set size = 1444
act_set size = 228
act_set size = 2088
act_set size = 1719
act_set size = 1136
act_set size = 1072
act_set size = 1372
fun value for all block = 30933.9
     1             50.4725             29256.1    76914231              0.3472             1711.09
act_set size = 1560
act_set size = 1317
act_set size = 332
act_set size = 295
act_set size = 235
act_set size = 378
act_set size = 209
act_set size = 1105
act_set size = 205
act_set size = 1267
fun value for all block = 30101.8
     2             97.9414               28057    76914231              0.3592             2083.04
act_set size = 1682
act_set size = 230
act_set size = 246
act_set size = 240
act_set size = 974
act_set size = 232
act_set size = 212
act_set size = 1098
act_set size = 201
act_set size = 943
fun value for all block = 29834.7
     3             145.524             27610.4    76914231              0.3672             2272.67
act_set size = 1284
act_set size = 234
act_set size = 226
act_set size = 241
act_set size = 202
act_set size = 225
act_set size = 212
act_set size = 1131
act_set size = 198
act_set size = 997
fun value for all block = 29570.6
     4             193.224             27135.3    76914231              0.3724             2489.95
act_set size = 1355
act_set size = 198
act_set size = 229
act_set size = 221
act_set size = 181
act_set size = 223
act_set size = 220
act_set size = 162
act_set size = 198
act_set size = 206
fun value for all block = 29321.5
     5             240.513             26586.9    76914231              0.3788             2809.07
act_set size = 1571
act_set size = 188
act_set size = 215
act_set size = 214
act_set size = 1100
act_set size = 225
act_set size = 187
act_set size = 1019
act_set size = 189
act_set size = 950
fun value for all block = 29204.3
     6             287.517               26396    76914231              0.3834             2887.58
act_set size = 1223
act_set size = 181
act_set size = 197
act_set size = 207
act_set size = 180
act_set size = 201
act_set size = 172
act_set size = 1157
act_set size = 192
act_set size = 796
fun value for all block = 29080.8
     7             334.908             26189.5    76914231              0.3858             2976.24
act_set size = 345
act_set size = 182
act_set size = 216
act_set size = 200
act_set size = 176
act_set size = 190
act_set size = 192
act_set size = 146
act_set size = 192
act_set size = 181
fun value for all block = 29001
     8             382.705             26063.4    76914231              0.3852             3027.95
act_set size = 259
act_set size = 182
act_set size = 189
act_set size = 189
act_set size = 166
act_set size = 186
act_set size = 178
act_set size = 846
act_set size = 194
act_set size = 938
fun value for all block = 28941.8
     9             430.536             25936.8    76914231              0.3864             3097.22
act_set size = 1230
act_set size = 173
act_set size = 184
act_set size = 190
act_set size = 166
act_set size = 192
act_set size = 187
act_set size = 134
act_set size = 192
act_set size = 176
fun value for all block = 28880.7
    10             478.689             25794.5    76914231               0.387             3192.02
act_set size = 996
act_set size = 173
act_set size = 184
act_set size = 191
act_set size = 167
act_set size = 188
act_set size = 198
act_set size = 133
act_set size = 194
act_set size = 166
fun value for all block = 28812.4
    11              526.77             25608.6    76914231              0.3856             3318.17
act_set size = 1265
act_set size = 177
act_set size = 177
act_set size = 163
act_set size = 166
act_set size = 202
act_set size = 174
act_set size = 146
act_set size = 197
act_set size = 186
fun value for all block = 28754.7
    12             574.401             25470.2    76914231              0.3864             3408.58
act_set size = 211
act_set size = 175
act_set size = 173
act_set size = 160
act_set size = 152
act_set size = 208
act_set size = 180
act_set size = 857
act_set size = 198
act_set size = 185
fun value for all block = 28690.2
    13             622.341             25350.4    76914231              0.3886             3466.68
act_set size = 206
act_set size = 182
act_set size = 176
act_set size = 159
act_set size = 152
act_set size = 208
act_set size = 182
act_set size = 933
act_set size = 202
act_set size = 892
fun value for all block = 28649.9
    14             670.101             25258.6    76914231              0.3894             3520.38
act_set size = 1222
act_set size = 182
act_set size = 173
act_set size = 159
act_set size = 147
act_set size = 214
act_set size = 180
act_set size = 155
act_set size = 202
act_set size = 179
fun value for all block = 28620
    15             717.884             25208.3    76914231              0.3902             3543.58
act_set size = 194
act_set size = 163
act_set size = 173
act_set size = 162
act_set size = 151
act_set size = 199
act_set size = 175
act_set size = 135
act_set size = 202
act_set size = 182
fun value for all block = 28588.3
    16             765.219             25139.6    76914231              0.3912             3582.45
act_set size = 247
act_set size = 161
act_set size = 173
act_set size = 160
act_set size = 148
act_set size = 203
act_set size = 154
act_set size = 698
act_set size = 202
act_set size = 192
fun value for all block = 28565.4
    17             811.042             25088.2    76914231              0.3924             3613.27
act_set size = 211
act_set size = 157
act_set size = 173
act_set size = 156
act_set size = 151
act_set size = 198
act_set size = 154
act_set size = 890
act_set size = 202
act_set size = 899
fun value for all block = 28532.3
    18             857.678             25007.2    76914231              0.3938             3664.41
act_set size = 198
act_set size = 158
act_set size = 184
act_set size = 161
act_set size = 148
act_set size = 180
act_set size = 153
act_set size = 138
act_set size = 203
act_set size = 857
fun value for all block = 28503.4
    19             903.462               24931    76914231              0.3948             3713.88
act_set size = 196
act_set size = 160
act_set size = 163
act_set size = 150
act_set size = 150
act_set size = 179
act_set size = 166
act_set size = 697
act_set size = 203
act_set size = 215
fun value for all block = 28483.1
    20             948.803             24890.1    76914231              0.3952             3738.16
act_set size = 1005
act_set size = 157
act_set size = 156
act_set size = 147
act_set size = 146
act_set size = 179
act_set size = 152
act_set size = 133
act_set size = 203
act_set size = 212
fun value for all block = 28462.1
    21             994.018             24836.2    76914231              0.3952                3773
act_set size = 195
act_set size = 157
act_set size = 163
act_set size = 147
act_set size = 135
act_set size = 176
act_set size = 152
act_set size = 753
act_set size = 203
act_set size = 211
fun value for all block = 28438.2
    22             1039.15               24756    76914231              0.3962             3832.28
act_set size = 186
act_set size = 157
act_set size = 152
act_set size = 149
act_set size = 151
act_set size = 177
act_set size = 147
act_set size = 132
act_set size = 203
act_set size = 771
fun value for all block = 28416.1
    23             1083.76             24707.1    76914231              0.3964             3861.12
act_set size = 242
act_set size = 149
act_set size = 166
act_set size = 146
act_set size = 139
act_set size = 164
act_set size = 169
act_set size = 187
act_set size = 203
act_set size = 738
fun value for all block = 28400.7
    24             1128.81               24673    76914231              0.3976             3881.84
act_set size = 196
act_set size = 150
act_set size = 153
act_set size = 146
act_set size = 137
act_set size = 164
act_set size = 139
act_set size = 127
act_set size = 205
act_set size = 846
fun value for all block = 28368
    25             1173.63             24611.1    76914231               0.397             3913.94
act_set size = 973
act_set size = 144
act_set size = 153
act_set size = 142
act_set size = 140
act_set size = 163
act_set size = 130
act_set size = 133
act_set size = 205
act_set size = 202
fun value for all block = 28356.9
    26             1218.54             24586.7    76914231              0.3978             3928.72
act_set size = 186
act_set size = 147
act_set size = 151
act_set size = 141
act_set size = 136
act_set size = 162
act_set size = 130
act_set size = 124
act_set size = 205
act_set size = 205
fun value for all block = 28344.2
    27             1263.56               24556    76914231              0.3972             3949.24
act_set size = 182
act_set size = 144
act_set size = 148
act_set size = 141
act_set size = 147
act_set size = 162
act_set size = 130
act_set size = 122
act_set size = 205
act_set size = 216
fun value for all block = 28327.5
    28             1308.31             24520.4    76914231              0.3978             3970.08
act_set size = 230
act_set size = 144
act_set size = 148
act_set size = 136
act_set size = 133
act_set size = 162
act_set size = 129
act_set size = 121
act_set size = 205
act_set size = 210
fun value for all block = 28317.9
    29             1353.27             24494.2    76914231              0.3978             3988.06
act_set size = 179
act_set size = 144
act_set size = 155
act_set size = 138
act_set size = 133
act_set size = 162
act_set size = 129
act_set size = 177
act_set size = 205
act_set size = 159
fun value for all block = 28302.1
    30             1398.28             24447.2    76914231              0.3996             4025.24
act_set size = 177
act_set size = 156
act_set size = 148
act_set size = 138
act_set size = 147
act_set size = 159
act_set size = 148
act_set size = 169
act_set size = 205
act_set size = 171
fun value for all block = 28289.4
    31             1442.92             24426.4    76914231              0.3998             4035.55
act_set size = 176
act_set size = 135
act_set size = 147
act_set size = 137
act_set size = 133
act_set size = 162
act_set size = 131
act_set size = 120
act_set size = 205
act_set size = 159
fun value for all block = 28273.8
    32             1487.52             24396.3    76914231              0.3994             4055.17
act_set size = 175
act_set size = 146
act_set size = 149
act_set size = 142
act_set size = 132
act_set size = 161
act_set size = 128
act_set size = 124
act_set size = 204
act_set size = 158
fun value for all block = 28262.4
    33             1532.53             24368.6    76914231              0.3998             4074.26
act_set size = 173
act_set size = 141
act_set size = 150
act_set size = 140
act_set size = 139
act_set size = 166
act_set size = 140
act_set size = 121
act_set size = 204
act_set size = 160
fun value for all block = 28242.9
    34             1577.33               24315    76914231              0.3996             4112.47
act_set size = 220
act_set size = 156
act_set size = 160
act_set size = 136
act_set size = 138
act_set size = 167
act_set size = 141
act_set size = 126
act_set size = 204
act_set size = 162
fun value for all block = 28234.1
    35             1622.59             24308.6    76914231              0.3996             4112.31
act_set size = 171
act_set size = 148
act_set size = 149
act_set size = 135
act_set size = 138
act_set size = 157
act_set size = 150
act_set size = 119
act_set size = 204
act_set size = 157
fun value for all block = 28214.5
    36             1667.33               24258    76914231              0.3984             4150.65
act_set size = 177
act_set size = 150
act_set size = 153
act_set size = 139
act_set size = 132
act_set size = 164
act_set size = 206
act_set size = 121
act_set size = 204
act_set size = 159
fun value for all block = 28204.5
    37             1711.84             24239.8    76914231              0.3976             4173.35
act_set size = 170
act_set size = 152
act_set size = 145
act_set size = 137
act_set size = 134
act_set size = 154
act_set size = 920
act_set size = 118
act_set size = 204
act_set size = 159
fun value for all block = 28191.2
    38             1756.63             24220.9    76914231               0.399             4200.49
act_set size = 167
act_set size = 206
act_set size = 145
act_set size = 133
act_set size = 131
act_set size = 179
act_set size = 222
act_set size = 118
act_set size = 203
act_set size = 150
fun value for all block = 28178.9
    39             1801.28               24202    76914231              0.4006             4225.94
act_set size = 166
act_set size = 208
act_set size = 156
act_set size = 132
act_set size = 132
act_set size = 159
act_set size = 242
act_set size = 120
act_set size = 205
act_set size = 146
fun value for all block = 28160.5
    40             1846.11             24184.2    76914231              0.3992             4234.07
act_set size = 168
act_set size = 155
act_set size = 155
act_set size = 131
act_set size = 132
act_set size = 160
act_set size = 138
act_set size = 157
act_set size = 205
act_set size = 148
fun value for all block = 28150.4
    41             1891.01               24171    76914231              0.3994             4238.38
act_set size = 177
act_set size = 133
act_set size = 142
act_set size = 131
act_set size = 134
act_set size = 159
act_set size = 223
act_set size = 120
act_set size = 205
act_set size = 150
fun value for all block = 28139.7
    42             1935.46             24158.3    76914231              0.3996             4253.72
act_set size = 166
act_set size = 141
act_set size = 138
act_set size = 132
act_set size = 129
act_set size = 156
act_set size = 215
act_set size = 119
act_set size = 205
act_set size = 146
fun value for all block = 28128.7
    43             1979.78             24129.6    76914231              0.4006              4281.5
act_set size = 160
act_set size = 160
act_set size = 138
act_set size = 130
act_set size = 130
act_set size = 160
act_set size = 199
act_set size = 119
act_set size = 205
act_set size = 148
fun value for all block = 28121.5
    44             2024.28             24118.6    76914231                 0.4             4290.32
act_set size = 164
act_set size = 160
act_set size = 145
act_set size = 130
act_set size = 128
act_set size = 156
act_set size = 127
act_set size = 119
act_set size = 205
act_set size = 172
fun value for all block = 28114.8
    45             2069.23             24107.6    76914231              0.4018             4295.49
act_set size = 172
act_set size = 135
act_set size = 139
act_set size = 130
act_set size = 141
act_set size = 157
act_set size = 147
act_set size = 119
act_set size = 205
act_set size = 150
fun value for all block = 28110.7
    46             2114.68             24099.6    76914231               0.401             4301.96
act_set size = 163
act_set size = 139
act_set size = 139
act_set size = 130
act_set size = 134
act_set size = 157
act_set size = 162
act_set size = 119
act_set size = 205
act_set size = 149
fun value for all block = 28105.5
    47             2159.18             24090.8    76914231              0.4024             4313.51
act_set size = 161
act_set size = 136
act_set size = 145
act_set size = 130
act_set size = 131
act_set size = 162
act_set size = 162
act_set size = 115
act_set size = 203
act_set size = 142
fun value for all block = 28074.8
    48             2203.57             24006.9    76914231              0.4036              4370.6
act_set size = 157
act_set size = 134
act_set size = 147
act_set size = 134
act_set size = 145
act_set size = 164
act_set size = 208
act_set size = 106
act_set size = 203
act_set size = 143
fun value for all block = 28064.9
    49             2248.31             23998.5    76914231              0.4036             4370.72
act_set size = 154
act_set size = 134
act_set size = 137
act_set size = 134
act_set size = 133
act_set size = 164
act_set size = 158
act_set size = 106
act_set size = 203
act_set size = 145
fun value for all block = 28059.2
    50             2293.39             23990.3    76914231               0.404             4374.16
act_set size = 164
act_set size = 138
act_set size = 131
act_set size = 134
act_set size = 131
act_set size = 160
act_set size = 148
act_set size = 108
act_set size = 203
act_set size = 146
fun value for all block = 28054.7
    51             2338.32             23984.1    76914231               0.404             4376.88
act_set size = 156
act_set size = 138
act_set size = 139
act_set size = 135
act_set size = 128
act_set size = 160
act_set size = 144
act_set size = 107
act_set size = 203
act_set size = 138
fun value for all block = 28048.9
    52             2383.42             23971.6    76914231              0.4034              4386.1
act_set size = 163
act_set size = 138
act_set size = 142
act_set size = 134
act_set size = 139
act_set size = 160
act_set size = 144
act_set size = 114
act_set size = 203
act_set size = 175
fun value for all block = 28045.8
    53             2428.05             23968.3    76914231              0.4028             4387.11
act_set size = 165
act_set size = 138
act_set size = 138
act_set size = 133
act_set size = 127
act_set size = 160
act_set size = 137
act_set size = 110
act_set size = 203
act_set size = 145
fun value for all block = 28042.6
    54             2473.15             23962.3    76914231              0.4028             4390.89
act_set size = 165
act_set size = 136
act_set size = 137
act_set size = 133
act_set size = 128
act_set size = 160
act_set size = 154
act_set size = 107
act_set size = 203
act_set size = 144
fun value for all block = 28035.7
    55             2518.13             23948.5    76914231              0.4034             4399.44
act_set size = 163
act_set size = 137
act_set size = 139
act_set size = 133
act_set size = 140
act_set size = 160
act_set size = 154
act_set size = 106
act_set size = 203
act_set size = 141
fun value for all block = 28026.4
    56             2562.72               23927    76914231              0.4032             4414.18
act_set size = 162
act_set size = 139
act_set size = 134
act_set size = 128
act_set size = 126
act_set size = 160
act_set size = 143
act_set size = 105
act_set size = 203
act_set size = 144
fun value for all block = 28022.7
    57             2607.61             23922.2    76914231              0.4034             4416.31
act_set size = 153
act_set size = 139
act_set size = 143
act_set size = 129
act_set size = 129
act_set size = 160
act_set size = 127
act_set size = 105
act_set size = 203
act_set size = 146
fun value for all block = 28018.9
    58             2652.58             23910.3    76914231              0.4034             4425.98
act_set size = 149
act_set size = 137
act_set size = 134
act_set size = 129
act_set size = 140
act_set size = 160
act_set size = 155
act_set size = 105
act_set size = 203
act_set size = 141
fun value for all block = 28012.1
    59             2697.03             23895.7    76914231              0.4038             4436.31
act_set size = 149
act_set size = 142
act_set size = 139
act_set size = 127
act_set size = 126
act_set size = 160
act_set size = 155
act_set size = 104
act_set size = 201
act_set size = 145
fun value for all block = 28007.8
    60             2741.21               23889    76914231              0.4054             4445.07
act_set size = 156
act_set size = 139
act_set size = 139
act_set size = 127
act_set size = 125
act_set size = 160
act_set size = 155
act_set size = 102
act_set size = 201
act_set size = 141
fun value for all block = 28005
    61              2786.2             23884.1    76914231              0.4036             4447.65
act_set size = 157
act_set size = 144
act_set size = 137
act_set size = 128
act_set size = 125
act_set size = 160
act_set size = 136
act_set size = 142
act_set size = 201
act_set size = 177
fun value for all block = 28001.5
    62              2831.3             23878.3    76914231               0.404             4450.71
act_set size = 147
act_set size = 123
act_set size = 136
act_set size = 128
act_set size = 136
act_set size = 160
act_set size = 156
act_set size = 152
act_set size = 201
act_set size = 138
fun value for all block = 27999
    63             2876.33             23877.3    76914231              0.4038             4449.85
act_set size = 147
act_set size = 123
act_set size = 136
act_set size = 126
act_set size = 127
act_set size = 160
act_set size = 156
act_set size = 109
act_set size = 201
act_set size = 138
fun value for all block = 27996.6
    64             2921.27             23871.7    76914231              0.4046             4455.13
act_set size = 139
act_set size = 123
act_set size = 136
act_set size = 126
act_set size = 135
act_set size = 160
act_set size = 144
act_set size = 145
act_set size = 201
act_set size = 142
fun value for all block = 27993.5
    65             2966.37             23863.4    76914231              0.4044             4461.22
act_set size = 139
act_set size = 123
act_set size = 134
act_set size = 127
act_set size = 124
act_set size = 160
act_set size = 156
act_set size = 97
act_set size = 201
act_set size = 140
fun value for all block = 27987.7
    66             3010.91             23838.4    76914231              0.4044             4481.71
act_set size = 131
act_set size = 135
act_set size = 141
act_set size = 125
act_set size = 127
act_set size = 160
act_set size = 133
act_set size = 103
act_set size = 201
act_set size = 142
fun value for all block = 27984.8
    67             3055.94             23830.6    76914231              0.4046             4487.22
act_set size = 140
act_set size = 125
act_set size = 131
act_set size = 125
act_set size = 124
act_set size = 160
act_set size = 139
act_set size = 103
act_set size = 201
act_set size = 139
fun value for all block = 27982.9
    68             3100.88             23829.4    76914231              0.4048             4487.73
act_set size = 135
act_set size = 124
act_set size = 140
act_set size = 125
act_set size = 126
act_set size = 160
act_set size = 149
act_set size = 104
act_set size = 201
act_set size = 142
fun value for all block = 27980.6
    69             3146.42               23818    76914231              0.4044             4497.54
act_set size = 135
act_set size = 126
act_set size = 131
act_set size = 129
act_set size = 128
act_set size = 160
act_set size = 154
act_set size = 109
act_set size = 201
act_set size = 140
fun value for all block = 27977.8
    70             3191.18             23816.9    76914231              0.4058             4498.56
act_set size = 135
act_set size = 123
act_set size = 130
act_set size = 133
act_set size = 132
act_set size = 160
act_set size = 122
act_set size = 107
act_set size = 201
act_set size = 144
fun value for all block = 27976.2
    71             3236.09             23812.4    76914231               0.406             4502.26
act_set size = 133
act_set size = 121
act_set size = 132
act_set size = 135
act_set size = 140
act_set size = 160
act_set size = 120
act_set size = 110
act_set size = 201
act_set size = 146
fun value for all block = 27975.1
    72             3280.72               23807    76914231              0.4062             4507.32
act_set size = 133
act_set size = 124
act_set size = 127
act_set size = 126
act_set size = 129
act_set size = 160
act_set size = 136
act_set size = 108
act_set size = 201
act_set size = 145
fun value for all block = 27973.7
    73             3325.47             23803.2    76914231              0.4054             4510.66
act_set size = 135
act_set size = 121
act_set size = 134
act_set size = 126
act_set size = 123
act_set size = 160
act_set size = 129
act_set size = 109
act_set size = 201
act_set size = 143
fun value for all block = 27972.1
    74             3370.93             23800.2    76914231              0.4052             4513.12
act_set size = 134
act_set size = 121
act_set size = 135
act_set size = 126
act_set size = 123
act_set size = 160
act_set size = 128
act_set size = 107
act_set size = 201
act_set size = 138
fun value for all block = 27970.6
    75             3416.28             23794.2    76914231              0.4056              4518.6
act_set size = 131
act_set size = 121
act_set size = 132
act_set size = 126
act_set size = 123
act_set size = 171
act_set size = 129
act_set size = 107
act_set size = 201
act_set size = 136
fun value for all block = 27968.1
    76             3461.14             23786.7    76914231              0.4058             4524.76
act_set size = 134
act_set size = 124
act_set size = 140
act_set size = 122
act_set size = 123
act_set size = 144
act_set size = 136
act_set size = 102
act_set size = 201
act_set size = 140
fun value for all block = 27965.9
    77             3505.79             23782.1    76914231              0.4058             4530.84
act_set size = 134
act_set size = 124
act_set size = 133
act_set size = 122
act_set size = 126
act_set size = 144
act_set size = 130
act_set size = 107
act_set size = 201
act_set size = 136
fun value for all block = 27964.5
    78             3550.44             23781.2    76914231              0.4058              4531.5
act_set size = 134
act_set size = 124
act_set size = 129
act_set size = 121
act_set size = 122
act_set size = 145
act_set size = 136
act_set size = 107
act_set size = 201
act_set size = 138
fun value for all block = 27963.1
    79             3595.81             23777.1    76914231               0.406             4535.56
act_set size = 134
act_set size = 123
act_set size = 128
act_set size = 122
act_set size = 122
act_set size = 146
act_set size = 147
act_set size = 102
act_set size = 201
act_set size = 140
fun value for all block = 27961.3
    80             3640.26               23771    76914231              0.4056             4542.19
act_set size = 134
act_set size = 125
act_set size = 130
act_set size = 122
act_set size = 124
act_set size = 145
act_set size = 129
act_set size = 107
act_set size = 201
act_set size = 139
fun value for all block = 27960.2
    81             3684.81             23768.7    76914231              0.4062             4543.94
act_set size = 132
act_set size = 124
act_set size = 130
act_set size = 120
act_set size = 120
act_set size = 146
act_set size = 128
act_set size = 108
act_set size = 201
act_set size = 140
fun value for all block = 27958.7
    82              3729.3             23764.3    76914231               0.406             4547.79
act_set size = 137
act_set size = 124
act_set size = 130
act_set size = 121
act_set size = 121
act_set size = 145
act_set size = 134
act_set size = 103
act_set size = 201
act_set size = 138
fun value for all block = 27957.3
    83             3773.86             23761.9    76914231              0.4064             4552.41
act_set size = 141
act_set size = 124
act_set size = 126
act_set size = 123
act_set size = 125
act_set size = 145
act_set size = 134
act_set size = 103
act_set size = 201
act_set size = 139
fun value for all block = 27955.2
    84             3818.23             23762.8    76914231              0.4056             4553.39
act_set size = 130
act_set size = 132
act_set size = 125
act_set size = 119
act_set size = 124
act_set size = 145
act_set size = 148
act_set size = 94
act_set size = 201
act_set size = 141
fun value for all block = 27953.3
    85             3862.71               23760    76914231              0.4058             4556.27
act_set size = 137
act_set size = 124
act_set size = 125
act_set size = 118
act_set size = 125
act_set size = 145
act_set size = 149
act_set size = 105
act_set size = 201
act_set size = 144
fun value for all block = 27951.3
    86             3907.25             23756.8    76914231              0.4056             4560.41
act_set size = 130
act_set size = 123
act_set size = 126
act_set size = 118
act_set size = 127
act_set size = 145
act_set size = 149
act_set size = 105
act_set size = 201
act_set size = 143
fun value for all block = 27949.8
    87              3951.9             23755.3    76914231              0.4056             4561.93
act_set size = 130
act_set size = 123
act_set size = 123
act_set size = 117
act_set size = 125
act_set size = 145
act_set size = 148
act_set size = 108
act_set size = 201
act_set size = 141
fun value for all block = 27948.6
    88             3996.33             23752.8    76914231               0.406             4564.86
act_set size = 130
act_set size = 123
act_set size = 121
act_set size = 119
act_set size = 125
act_set size = 146
act_set size = 148
act_set size = 104
act_set size = 201
act_set size = 145
fun value for all block = 27947
    89             4040.82               23750    76914231               0.406             4566.97
act_set size = 145
act_set size = 122
act_set size = 116
act_set size = 119
act_set size = 125
act_set size = 146
act_set size = 147
act_set size = 97
act_set size = 202
act_set size = 144
fun value for all block = 27945.4
    90             4085.13             23747.2    76914231              0.4062             4569.22
act_set size = 146
act_set size = 122
act_set size = 119
act_set size = 119
act_set size = 125
act_set size = 146
act_set size = 147
act_set size = 110
act_set size = 202
act_set size = 143
fun value for all block = 27944.2
    91              4130.4             23745.4    76914231              0.4064             4570.53
act_set size = 130
act_set size = 119
act_set size = 118
act_set size = 113
act_set size = 125
act_set size = 145
act_set size = 130
act_set size = 97
act_set size = 202
act_set size = 143
fun value for all block = 27942.7
    92             4175.17             23741.6    76914231              0.4066             4573.69
act_set size = 139
act_set size = 118
act_set size = 123
act_set size = 118
act_set size = 122
act_set size = 145
act_set size = 119
act_set size = 97
act_set size = 202
act_set size = 139
fun value for all block = 27941.3
    93             4219.89               23736    76914231              0.4066             4578.67
act_set size = 130
act_set size = 118
act_set size = 123
act_set size = 117
act_set size = 124
act_set size = 145
act_set size = 118
act_set size = 96
act_set size = 202
act_set size = 143
fun value for all block = 27939.9
    94             4264.04             23732.8    76914231              0.4064             4581.67
act_set size = 130
act_set size = 118
act_set size = 122
act_set size = 116
act_set size = 121
act_set size = 145
act_set size = 134
act_set size = 106
act_set size = 202
act_set size = 171
fun value for all block = 27938.6
    95              4308.9             23729.2    76914231              0.4072             4584.52
act_set size = 130
act_set size = 118
act_set size = 122
act_set size = 116
act_set size = 121
act_set size = 145
act_set size = 129
act_set size = 101
act_set size = 202
act_set size = 143
fun value for all block = 27937.2
    96             4353.26             23725.1    76914231              0.4064             4587.75
act_set size = 148
act_set size = 118
act_set size = 123
act_set size = 116
act_set size = 122
act_set size = 141
act_set size = 127
act_set size = 95
act_set size = 202
act_set size = 140
fun value for all block = 27936.2
    97             4397.84             23722.5    76914231              0.4074             4590.34
act_set size = 139
act_set size = 118
act_set size = 122
act_set size = 116
act_set size = 122
act_set size = 142
act_set size = 128
act_set size = 101
act_set size = 202
act_set size = 137
fun value for all block = 27935.3
    98             4442.35             23720.5    76914231              0.4068             4592.57
act_set size = 130
act_set size = 120
act_set size = 122
act_set size = 111
act_set size = 122
act_set size = 142
act_set size = 127
act_set size = 105
act_set size = 202
act_set size = 139
fun value for all block = 27933.8
    99             4487.19             23717.4    76914231              0.4066              4594.9
act_set size = 146
act_set size = 120
act_set size = 122
act_set size = 111
act_set size = 121
act_set size = 141
act_set size = 118
act_set size = 105
act_set size = 202
act_set size = 137
fun value for all block = 27932.9
   100             4532.27               23716    76914231               0.407             4595.93
