act_set size = 421
act_set size = 780
act_set size = 780
act_set size = 780
act_set size = 780
act_set size = 780
act_set size = 780
act_set size = 780
act_set size = 780
act_set size = 790
fun value for all block = 72324.1
     1             2.94993             72322.9         790            0.695767             1.20288
act_set size = 780
act_set size = 700
act_set size = 780
act_set size = 780
act_set size = 780
act_set size = 780
act_set size = 780
act_set size = 780
act_set size = 780
act_set size = 790
fun value for all block = 52632.1
     2             5.53112             52630.7         790             0.78305             1.43214
act_set size = 780
act_set size = 700
act_set size = 780
act_set size = 780
act_set size = 780
act_set size = 780
act_set size = 780
act_set size = 780
act_set size = 780
act_set size = 790
fun value for all block = 43875.4
     3             8.79267             43873.9         790              0.8148             1.58566
act_set size = 780
act_set size = 700
act_set size = 780
act_set size = 780
act_set size = 780
act_set size = 780
act_set size = 780
act_set size = 780
act_set size = 780
act_set size = 790
fun value for all block = 37734
     4             11.9992             37732.3         790            0.841683             1.73238
act_set size = 422
act_set size = 700
act_set size = 765
act_set size = 780
act_set size = 780
act_set size = 780
act_set size = 780
act_set size = 780
act_set size = 780
act_set size = 790
fun value for all block = 33922.6
     5             14.5773             33920.8         790            0.856433              1.8358
act_set size = 422
act_set size = 700
act_set size = 765
act_set size = 780
act_set size = 780
act_set size = 780
act_set size = 780
act_set size = 780
act_set size = 780
act_set size = 680
fun value for all block = 31705.3
     6              16.938             31703.5         790            0.864917             1.90094
act_set size = 422
act_set size = 700
act_set size = 765
act_set size = 780
act_set size = 780
act_set size = 780
act_set size = 780
act_set size = 780
act_set size = 780
act_set size = 663
fun value for all block = 29898.9
     7             19.1708               29897         790            0.871833             1.97731
act_set size = 422
act_set size = 700
act_set size = 765
act_set size = 780
act_set size = 780
act_set size = 780
act_set size = 780
act_set size = 780
act_set size = 703
act_set size = 655
fun value for all block = 28353.4
     8             21.4427             28351.4         790              0.8764             2.08739
act_set size = 413
act_set size = 700
