act_set size = 412
act_set size = 700
act_set size = 780
act_set size = 780
act_set size = 780
act_set size = 780
act_set size = 780
act_set size = 741
act_set size = 699
act_set size = 627
fun value for all block = 31270.8
     1             8.79707             31268.4         790            0.845733             2.60663
act_set size = 396
act_set size = 686
act_set size = 754
act_set size = 780
act_set size = 774
act_set size = 766
act_set size = 749
act_set size = 720
act_set size = 694
act_set size = 622
fun value for all block = 23033.4
     2             17.1501             23030.7         790            0.889583             3.10276
act_set size = 370
act_set size = 683
act_set size = 753
act_set size = 780
act_set size = 768
act_set size = 760
act_set size = 746
act_set size = 719
act_set size = 694
act_set size = 618
fun value for all block = 20447.2
     3             25.6131             20444.3         790            0.903583             3.39461
act_set size = 359
act_set size = 676
act_set size = 753
act_set size = 780
act_set size = 766
act_set size = 756
act_set size = 744
act_set size = 719
act_set size = 694
act_set size = 609
fun value for all block = 19260.2
     4             33.9351               19257         790             0.91035             3.69526
act_set size = 351
act_set size = 668
act_set size = 751
act_set size = 778
act_set size = 765
act_set size = 753
act_set size = 744
act_set size = 717
act_set size = 693
act_set size = 607
fun value for all block = 18474.7
     5             42.3066             18471.2         790             0.91425             4.07889
act_set size = 340
act_set size = 663
act_set size = 748
act_set size = 773
act_set size = 764
act_set size = 752
act_set size = 744
act_set size = 717
act_set size = 693
act_set size = 604
fun value for all block = 17992.1
     6             50.9118             17988.4         790              0.9167             4.36447
act_set size = 337
act_set size = 660
act_set size = 746
act_set size = 766
act_set size = 763
act_set size = 750
act_set size = 742
act_set size = 715
act_set size = 692
act_set size = 598
fun value for all block = 17575.2
     7             59.4568             17571.3         790            0.919383             4.59614
act_set size = 332
act_set size = 662
act_set size = 746
act_set size = 766
act_set size = 763
act_set size = 749
act_set size = 740
act_set size = 715
act_set size = 692
act_set size = 595
fun value for all block = 17287.6
     8             68.0746             17283.5         790            0.920983             4.80596
act_set size = 324
act_set size = 659
act_set size = 745
act_set size = 760
act_set size = 763
act_set size = 747
act_set size = 740
act_set size = 715
act_set size = 691
act_set size = 592
fun value for all block = 17051.2
     9              76.872             17046.9         790              0.9216              5.1118
act_set size = 320
act_set size = 658
act_set size = 745
act_set size = 760
act_set size = 762
act_set size = 745
act_set size = 740
act_set size = 715
act_set size = 691
act_set size = 589
fun value for all block = 16842
    10             85.4855             16837.6         790            0.922617             5.28033
act_set size = 309
act_set size = 656
act_set size = 745
act_set size = 760
act_set size = 762
act_set size = 745
act_set size = 740
act_set size = 714
act_set size = 691
act_set size = 589
fun value for all block = 16682.2
    11             94.1428             16677.6         790            0.923583             5.44164
act_set size = 293
act_set size = 656
act_set size = 745
act_set size = 759
act_set size = 762
act_set size = 745
act_set size = 739
act_set size = 714
act_set size = 691
act_set size = 587
fun value for all block = 16543.6
    12             102.676             16538.9         790            0.923833             5.59997
act_set size = 290
act_set size = 650
act_set size = 744
act_set size = 759
act_set size = 762
act_set size = 745
act_set size = 738
